This file contains any messages produced by compilers while
running configure, to aid debugging if configure makes a mistake.

It was created by Apertium Sumerian configure 0.1.0, which was
generated by GNU Autoconf 2.69.  Invocation command line was

  $ ./configure 

## --------- ##
## Platform. ##
## --------- ##

hostname = computer-name-here
uname -m = x86_64
uname -r = 5.4.0-121-generic
uname -s = Linux
uname -v = #137-Ubuntu SMP Wed Jun 15 13:33:07 UTC 2022

/usr/bin/uname -p = x86_64
/bin/uname -X     = unknown

/bin/arch              = x86_64
/usr/bin/arch -k       = unknown
/usr/convex/getsysinfo = unknown
/usr/bin/hostinfo      = unknown
/bin/machine           = unknown
/usr/bin/oslevel       = unknown
/bin/universe          = unknown

PATH: /home/daniel/.cargo/bin
PATH: /home/daniel/.local/bin
PATH: /usr/local/sbin
PATH: /usr/local/bin
PATH: /usr/sbin
PATH: /usr/bin
PATH: /sbin
PATH: /bin
PATH: /usr/games
PATH: /usr/local/games
PATH: /snap/bin
PATH: /usr/local/bin
PATH: /home/daniel/node_modules/.bin
PATH: /usr/local/bin


## ----------- ##
## Core tests. ##
## ----------- ##

configure:1827: checking for a BSD-compatible install
configure:1895: result: /usr/bin/install -c
configure:1906: checking whether build environment is sane
configure:1961: result: yes
configure:2110: checking for a thread-safe mkdir -p
configure:2149: result: /usr/bin/mkdir -p
configure:2156: checking for gawk
configure:2172: found /usr/bin/gawk
configure:2183: result: gawk
configure:2194: checking whether make sets $(MAKE)
configure:2216: result: yes
configure:2245: checking whether make supports nested variables
configure:2262: result: yes
configure:2392: checking for gawk
configure:2419: result: gawk
configure:2485: checking for pkg-config
configure:2503: found /usr/bin/pkg-config
configure:2515: result: /usr/bin/pkg-config
configure:2540: checking pkg-config is at least version 0.9.0
configure:2543: result: yes
configure:2553: checking for LTTOOLBOX
configure:2560: $PKG_CONFIG --exists --print-errors "lttoolbox >= 3.6.9"
configure:2563: $? = 0
configure:2577: $PKG_CONFIG --exists --print-errors "lttoolbox >= 3.6.9"
configure:2580: $? = 0
configure:2638: result: yes
configure:2644: checking for APERTIUM
configure:2651: $PKG_CONFIG --exists --print-errors "apertium >= 3.8.1"
configure:2654: $? = 0
configure:2668: $PKG_CONFIG --exists --print-errors "apertium >= 3.8.1"
configure:2671: $? = 0
configure:2729: result: yes
configure:2735: checking for HFST
configure:2742: $PKG_CONFIG --exists --print-errors "hfst >= 3.16.0"
configure:2745: $? = 0
configure:2759: $PKG_CONFIG --exists --print-errors "hfst >= 3.16.0"
configure:2762: $? = 0
configure:2820: result: yes
configure:2826: checking for CG3
configure:2833: $PKG_CONFIG --exists --print-errors "cg3 >= 1.3.6"
configure:2836: $? = 0
configure:2850: $PKG_CONFIG --exists --print-errors "cg3 >= 1.3.6"
configure:2853: $? = 0
configure:2911: result: yes
configure:2917: checking for LEXD
configure:2924: $PKG_CONFIG --exists --print-errors "lexd >= 1.1.0"
configure:2927: $? = 0
configure:2941: $PKG_CONFIG --exists --print-errors "lexd >= 1.1.0"
configure:2944: $? = 0
configure:3002: result: yes
configure:3009: checking for HFSTOSPELL
configure:3016: $PKG_CONFIG --exists --print-errors "hfstospell >= 0.5.3"
configure:3019: $? = 0
configure:3033: $PKG_CONFIG --exists --print-errors "hfstospell >= 0.5.3"
configure:3036: $? = 0
configure:3080: result: yes
configure:3087: checking for REGTEST
configure:3094: $PKG_CONFIG --exists --print-errors "apertium-regtest >= 0.9.1"
Requested 'apertium-regtest >= 0.9.1' but version of apertium-regtest is 0.0.1
configure:3097: $? = 1
configure:3111: $PKG_CONFIG --exists --print-errors "apertium-regtest >= 0.9.1"
Requested 'apertium-regtest >= 0.9.1' but version of apertium-regtest is 0.0.1
configure:3114: $? = 1
configure:3128: result: no
Requested 'apertium-regtest >= 0.9.1' but version of apertium-regtest is 0.0.1
configure:3144: WARNING: Running tests requires apertium-regtest
configure:3391: checking that generated files are newer than configure
configure:3397: result: done
configure:3405: creating ./config.status

## ---------------------- ##
## Running config.status. ##
## ---------------------- ##

This file was extended by Apertium Sumerian config.status 0.1.0, which was
generated by GNU Autoconf 2.69.  Invocation command line was

  CONFIG_FILES    = 
  CONFIG_HEADERS  = 
  CONFIG_LINKS    = 
  CONFIG_COMMANDS = 
  $ ./config.status 

on computer-name-here

config.status:785: creating Makefile
config.status:785: creating apertium-sux.pc

## ---------------- ##
## Cache variables. ##
## ---------------- ##

ac_cv_env_APERTIUM_CFLAGS_set=
ac_cv_env_APERTIUM_CFLAGS_value=
ac_cv_env_APERTIUM_LIBS_set=
ac_cv_env_APERTIUM_LIBS_value=
ac_cv_env_CG3_CFLAGS_set=
ac_cv_env_CG3_CFLAGS_value=
ac_cv_env_CG3_LIBS_set=
ac_cv_env_CG3_LIBS_value=
ac_cv_env_HFSTOSPELL_CFLAGS_set=
ac_cv_env_HFSTOSPELL_CFLAGS_value=
ac_cv_env_HFSTOSPELL_LIBS_set=
ac_cv_env_HFSTOSPELL_LIBS_value=
ac_cv_env_HFST_CFLAGS_set=
ac_cv_env_HFST_CFLAGS_value=
ac_cv_env_HFST_LIBS_set=
ac_cv_env_HFST_LIBS_value=
ac_cv_env_LEXD_CFLAGS_set=
ac_cv_env_LEXD_CFLAGS_value=
ac_cv_env_LEXD_LIBS_set=
ac_cv_env_LEXD_LIBS_value=
ac_cv_env_LTTOOLBOX_CFLAGS_set=
ac_cv_env_LTTOOLBOX_CFLAGS_value=
ac_cv_env_LTTOOLBOX_LIBS_set=
ac_cv_env_LTTOOLBOX_LIBS_value=
ac_cv_env_PKG_CONFIG_LIBDIR_set=
ac_cv_env_PKG_CONFIG_LIBDIR_value=
ac_cv_env_PKG_CONFIG_PATH_set=set
ac_cv_env_PKG_CONFIG_PATH_value=:/usr/local/share/pkgconfig:/usr/local/lib/pkgconfig:/usr/local/share/pkgconfig:/usr/local/lib/pkgconfig
ac_cv_env_PKG_CONFIG_set=
ac_cv_env_PKG_CONFIG_value=
ac_cv_env_REGTEST_CFLAGS_set=
ac_cv_env_REGTEST_CFLAGS_value=
ac_cv_env_REGTEST_LIBS_set=
ac_cv_env_REGTEST_LIBS_value=
ac_cv_env_build_alias_set=
ac_cv_env_build_alias_value=
ac_cv_env_host_alias_set=
ac_cv_env_host_alias_value=
ac_cv_env_target_alias_set=
ac_cv_env_target_alias_value=
ac_cv_path_ac_pt_PKG_CONFIG=/usr/bin/pkg-config
ac_cv_path_install='/usr/bin/install -c'
ac_cv_path_mkdir=/usr/bin/mkdir
ac_cv_prog_AWK=gawk
ac_cv_prog_make_make_set=yes
am_cv_make_support_nested_variables=yes
pkg_cv_APERTIUM_CFLAGS='-I/usr/local/include/apertium-3.8 -I/usr/local/lib/apertium-3.8/include'
pkg_cv_APERTIUM_LIBS='-L/usr/local/lib -lapertium3'
pkg_cv_CG3_CFLAGS=-I/usr/include/
pkg_cv_CG3_LIBS=-lcg3
pkg_cv_HFSTOSPELL_CFLAGS=
pkg_cv_HFSTOSPELL_LIBS=-lhfstospell
pkg_cv_HFST_CFLAGS=-I/usr/include/hfst/
pkg_cv_HFST_LIBS=-lhfst
pkg_cv_LEXD_CFLAGS=
pkg_cv_LEXD_LIBS=
pkg_cv_LTTOOLBOX_CFLAGS=-I/usr/local/include/lttoolbox-3.6
pkg_cv_LTTOOLBOX_LIBS='-L/usr/local/lib -llttoolbox3'

## ----------------- ##
## Output variables. ##
## ----------------- ##

ACLOCAL='${SHELL} /home/daniel/apertium/apertium-sux/missing aclocal-1.16'
AMTAR='$${TAR-tar}'
AM_BACKSLASH='\'
AM_DEFAULT_V='$(AM_DEFAULT_VERBOSITY)'
AM_DEFAULT_VERBOSITY='1'
AM_V='$(V)'
APERTIUM_CFLAGS='-I/usr/local/include/apertium-3.8 -I/usr/local/lib/apertium-3.8/include'
APERTIUM_LIBS='-L/usr/local/lib -lapertium3'
AUTOCONF='${SHELL} /home/daniel/apertium/apertium-sux/missing autoconf'
AUTOHEADER='${SHELL} /home/daniel/apertium/apertium-sux/missing autoheader'
AUTOMAKE='${SHELL} /home/daniel/apertium/apertium-sux/missing automake-1.16'
AWK='gawk'
CG3_CFLAGS='-I/usr/include/'
CG3_LIBS='-lcg3'
CYGPATH_W='echo'
DEFS='-DPACKAGE_NAME=\"Apertium\ Sumerian\" -DPACKAGE_TARNAME=\"apertium-sux\" -DPACKAGE_VERSION=\"0.1.0\" -DPACKAGE_STRING=\"Apertium\ Sumerian\ 0.1.0\" -DPACKAGE_BUGREPORT=\"https://github.com/apertium/apertium-sux/issues\" -DPACKAGE_URL=\"https://wiki.apertium.org/wiki/Apertium-sux\" -DPACKAGE=\"apertium-sux\" -DVERSION=\"0.1.0\"'
ECHO_C=''
ECHO_N='-n'
ECHO_T=''
HFSTOSPELL_CFLAGS=''
HFSTOSPELL_LIBS='-lhfstospell'
HFST_CFLAGS='-I/usr/include/hfst/'
HFST_LIBS='-lhfst'
INSTALL_DATA='${INSTALL} -m 644'
INSTALL_PROGRAM='${INSTALL}'
INSTALL_SCRIPT='${INSTALL}'
INSTALL_STRIP_PROGRAM='$(install_sh) -c -s'
LEXD_CFLAGS=''
LEXD_LIBS=''
LIBOBJS=''
LIBS=''
LTLIBOBJS=''
LTTOOLBOX_CFLAGS='-I/usr/local/include/lttoolbox-3.6'
LTTOOLBOX_LIBS='-L/usr/local/lib -llttoolbox3'
MAKEINFO='${SHELL} /home/daniel/apertium/apertium-sux/missing makeinfo'
MKDIR_P='/usr/bin/mkdir -p'
PACKAGE='apertium-sux'
PACKAGE_BUGREPORT='https://github.com/apertium/apertium-sux/issues'
PACKAGE_NAME='Apertium Sumerian'
PACKAGE_STRING='Apertium Sumerian 0.1.0'
PACKAGE_TARNAME='apertium-sux'
PACKAGE_URL='https://wiki.apertium.org/wiki/Apertium-sux'
PACKAGE_VERSION='0.1.0'
PATH_SEPARATOR=':'
PKG_CONFIG='/usr/bin/pkg-config'
PKG_CONFIG_LIBDIR=''
PKG_CONFIG_PATH=':/usr/local/share/pkgconfig:/usr/local/lib/pkgconfig:/usr/local/share/pkgconfig:/usr/local/lib/pkgconfig'
REGTEST_CFLAGS=''
REGTEST_LIBS=''
SET_MAKE=''
SHELL='/bin/bash'
STRIP=''
VERSION='0.1.0'
am__isrc=''
am__leading_dot='.'
am__tar='$${TAR-tar} chof - "$$tardir"'
am__untar='$${TAR-tar} xf -'
bindir='${exec_prefix}/bin'
build_alias=''
datadir='${datarootdir}'
datarootdir='${prefix}/share'
docdir='${datarootdir}/doc/${PACKAGE_TARNAME}'
dvidir='${docdir}'
exec_prefix='${prefix}'
host_alias=''
htmldir='${docdir}'
includedir='${prefix}/include'
infodir='${datarootdir}/info'
install_sh='${SHELL} /home/daniel/apertium/apertium-sux/install-sh'
libdir='${exec_prefix}/lib'
libexecdir='${exec_prefix}/libexec'
localedir='${datarootdir}/locale'
localstatedir='${prefix}/var'
mandir='${datarootdir}/man'
mkdir_p='$(MKDIR_P)'
oldincludedir='/usr/include'
pdfdir='${docdir}'
prefix='/usr/local'
program_transform_name='s,x,x,'
psdir='${docdir}'
runstatedir='${localstatedir}/run'
sbindir='${exec_prefix}/sbin'
sharedstatedir='${prefix}/com'
sysconfdir='${prefix}/etc'
target_alias=''

## ------------------- ##
## File substitutions. ##
## ------------------- ##

ap_include='./ap_include.am'

## ----------- ##
## confdefs.h. ##
## ----------- ##

/* confdefs.h */
#define PACKAGE_NAME "Apertium Sumerian"
#define PACKAGE_TARNAME "apertium-sux"
#define PACKAGE_VERSION "0.1.0"
#define PACKAGE_STRING "Apertium Sumerian 0.1.0"
#define PACKAGE_BUGREPORT "https://github.com/apertium/apertium-sux/issues"
#define PACKAGE_URL "https://wiki.apertium.org/wiki/Apertium-sux"
#define PACKAGE "apertium-sux"
#define VERSION "0.1.0"

configure: exit 0
